{
  "RSpec": {
    "coverage": {
      "/home/ig/Code/mp/app/controllers/application_controller.rb": [
        1,
        1,
        null,
        1,
        1,
        342,
        246,
        null,
        96,
        null,
        null,
        null,
        1,
        329,
        null,
        null,
        1,
        342,
        73,
        null,
        269,
        67,
        67,
        null,
        202,
        null,
        null,
        null,
        null,
        null,
        null,
        null,
        null,
        null,
        1,
        0,
        0,
        0,
        null,
        0,
        0,
        0,
        null,
        null,
        null
      ],
      "/home/ig/Code/mp/app/helpers/application_helper.rb": [
        1,
        1,
        54,
        null,
        null,
        null,
        1,
        103,
        null,
        null
      ],
      "/home/ig/Code/mp/app/helpers/products_helper.rb": [
        1,
        null,
        null,
        1,
        0,
        null,
        null,
        1,
        26,
        null,
        null,
        1,
        2,
        null,
        null,
        null,
        null,
        null
      ],
      "/home/ig/Code/mp/lib/categorize.rb": [
        1,
        1,
        null,
        31,
        null,
        31,
        null,
        31,
        62,
        31,
        null,
        null,
        null,
        31,
        77,
        null,
        null,
        null,
        null
      ],
      "/home/ig/Code/mp/app/models/category.rb": [
        1,
        1,
        1,
        null,
        1,
        null,
        1,
        20,
        20,
        null,
        null,
        1,
        146,
        null,
        null
      ],
      "/home/ig/Code/mp/app/models/application_record.rb": [
        1,
        1,
        null
      ],
      "/home/ig/Code/mp/app/models/category_translation.rb": [
        1,
        1,
        null,
        1,
        null,
        1,
        8,
        8,
        null,
        null
      ],
      "/home/ig/Code/mp/app/models/admin_user.rb": [
        1,
        1,
        null,
        null,
        null
      ],
      "/home/ig/Code/mp/app/admin/categories.rb": [
        1,
        1,
        null,
        1,
        1,
        1,
        1,
        1,
        null,
        null,
        1,
        null,
        1,
        2,
        2,
        null,
        2,
        2,
        2,
        3,
        3,
        null,
        null,
        2,
        null,
        null,
        null
      ],
      "/home/ig/Code/mp/app/admin/admin_users.rb": [
        1,
        1,
        null,
        1,
        0,
        0,
        0,
        0,
        0,
        0,
        0,
        null,
        null,
        1,
        1,
        1,
        1,
        null,
        1,
        0,
        0,
        0,
        0,
        null,
        0,
        null,
        null,
        null
      ],
      "/home/ig/Code/mp/app/admin/sellers.rb": [
        1,
        1,
        null,
        1,
        1,
        1,
        1,
        1,
        1,
        1,
        1,
        1,
        1,
        null,
        null,
        1,
        null,
        1,
        2,
        2,
        2,
        2,
        2,
        2,
        2,
        null,
        2,
        null,
        null,
        null
      ],
      "/home/ig/Code/mp/app/models/seller.rb": [
        1,
        1,
        1,
        1,
        1,
        1,
        null,
        1,
        1,
        null,
        1,
        null,
        1,
        1,
        null,
        1,
        146,
        null,
        null,
        1,
        3,
        3,
        null,
        null,
        1,
        3,
        3,
        null,
        null
      ],
      "/home/ig/Code/mp/app/admin/dashboard.rb": [
        1,
        20,
        null,
        15,
        7,
        7,
        7,
        7,
        null,
        null,
        null,
        null
      ],
      "/home/ig/Code/mp/app/models/client.rb": [
        1,
        1,
        1,
        1,
        null,
        null,
        null,
        1,
        null,
        1,
        1,
        null,
        1,
        46,
        null,
        null,
        1,
        46,
        null,
        null,
        1,
        0,
        null,
        null
      ],
      "/home/ig/Code/mp/app/models/basket_line.rb": [
        1,
        1,
        1,
        1,
        null,
        1,
        null,
        1,
        6,
        null,
        null,
        1,
        11,
        null,
        null,
        1,
        null,
        1,
        18,
        null,
        null,
        null
      ],
      "/home/ig/Code/mp/app/models/basket.rb": [
        1,
        1,
        1,
        null,
        1,
        10,
        null,
        null,
        1,
        8,
        null,
        null,
        1,
        null,
        null,
        1,
        20,
        2,
        null,
        null,
        null
      ],
      "/home/ig/Code/mp/app/models/location.rb": [
        1,
        1,
        null,
        1,
        1,
        null,
        1,
        1,
        null,
        1,
        null,
        1,
        7,
        null,
        null,
        1,
        7,
        7,
        null,
        null,
        1,
        7,
        7,
        5,
        null,
        null,
        null
      ],
      "/home/ig/Code/mp/app/models/product.rb": [
        1,
        1,
        1,
        1,
        81,
        17,
        null,
        1,
        1,
        1,
        null,
        1,
        1,
        null,
        1,
        82,
        null,
        null,
        1,
        436,
        null,
        null,
        1,
        96,
        null,
        null,
        null,
        null,
        null,
        null,
        null,
        1,
        0,
        null,
        null
      ],
      "/home/ig/Code/mp/app/models/product_images_validator.rb": [
        1,
        1,
        45,
        2,
        null,
        null,
        null
      ],
      "/home/ig/Code/mp/app/models/product_tag.rb": [
        1,
        1,
        1,
        null,
        1,
        73,
        null,
        null
      ],
      "/home/ig/Code/mp/app/models/product_translation.rb": [
        1,
        1,
        null
      ],
      "/home/ig/Code/mp/app/models/seller_translation.rb": [
        1,
        1,
        null
      ],
      "/home/ig/Code/mp/app/controllers/seller/sessions_controller.rb": [
        null,
        null,
        1,
        null,
        null,
        null,
        null,
        null,
        null,
        null,
        null,
        null,
        null,
        null,
        null,
        null,
        null,
        null,
        null,
        null,
        null,
        null,
        null,
        null,
        null,
        null,
        null
      ],
      "/home/ig/Code/mp/app/controllers/home_controller.rb": [
        1,
        1,
        null,
        null
      ],
      "/home/ig/Code/mp/app/controllers/dashboard_sellers_controller.rb": [
        1,
        1,
        1,
        1,
        null,
        1,
        48,
        48,
        48,
        48,
        48,
        48,
        null,
        null,
        null,
        1,
        null,
        1,
        48,
        0,
        null,
        null,
        null,
        1,
        48,
        null,
        null
      ],
      "/home/ig/Code/mp/app/models/ability.rb": [
        1,
        1,
        null,
        1,
        0,
        0,
        0,
        0,
        null,
        null,
        null,
        1,
        85,
        85,
        85,
        85,
        null,
        null,
        null
      ],
      "/home/ig/Code/mp/app/controllers/sellers_controller.rb": [
        1,
        1,
        1,
        1,
        1,
        null,
        null,
        1,
        null,
        null,
        1,
        1,
        null,
        null,
        1,
        0,
        0,
        0,
        0,
        null,
        0,
        0,
        null,
        null,
        null,
        null,
        1,
        1,
        1,
        1,
        1,
        null,
        1,
        null,
        0,
        0,
        null,
        null,
        null,
        null,
        1,
        2,
        2,
        2,
        2,
        null,
        2,
        null,
        0,
        0,
        null,
        null,
        null,
        null,
        1,
        2,
        1,
        null,
        1,
        1,
        1,
        1,
        1,
        null,
        1,
        null,
        0,
        0,
        null,
        null,
        null,
        null,
        null,
        1,
        null,
        1,
        8,
        null,
        null,
        1,
        0,
        null,
        null,
        1,
        3,
        null,
        null,
        1,
        3,
        3,
        null,
        null,
        1,
        0,
        null,
        null
      ],
      "/home/ig/Code/mp/app/controllers/products_controller.rb": [
        1,
        1,
        1,
        1,
        1,
        null,
        1,
        28,
        null,
        null,
        1,
        0,
        0,
        0,
        null,
        null,
        1,
        0,
        0,
        null,
        null,
        1,
        0,
        null,
        null,
        1,
        0,
        0,
        null,
        null,
        1,
        3,
        null,
        null,
        1,
        12,
        null,
        12,
        12,
        10,
        10,
        null,
        10,
        null,
        4,
        2,
        null,
        null,
        null,
        null,
        1,
        4,
        4,
        8,
        4,
        null,
        0,
        0,
        null,
        null,
        null,
        null,
        1,
        1,
        1,
        1,
        1,
        null,
        1,
        null,
        0,
        0,
        null,
        null,
        null,
        null,
        1,
        1,
        1,
        1,
        1,
        null,
        1,
        null,
        0,
        0,
        null,
        null,
        null,
        null,
        1,
        2,
        2,
        2,
        2,
        2,
        null,
        2,
        null,
        0,
        0,
        null,
        null,
        null,
        null,
        1,
        0,
        0,
        0,
        0,
        null,
        null,
        null,
        null,
        1,
        null,
        1,
        11,
        null,
        null,
        1,
        28,
        28,
        null,
        null,
        1,
        16,
        null,
        null,
        1,
        20,
        null,
        null,
        1,
        3,
        null,
        null,
        1,
        20,
        null,
        null
      ],
      "/home/ig/Code/mp/app/controllers/basket_lines_controller.rb": [
        1,
        1,
        1,
        null,
        null,
        1,
        3,
        2,
        2,
        2,
        4,
        2,
        null,
        0,
        0,
        null,
        null,
        null,
        1,
        1,
        1,
        2,
        1,
        null,
        null,
        null,
        null,
        null,
        null,
        1,
        12,
        null,
        8,
        8,
        8,
        16,
        8,
        null,
        0,
        0,
        null,
        null,
        null,
        null,
        4,
        4,
        4,
        8,
        4,
        null,
        0,
        0,
        null,
        null,
        null,
        null,
        null,
        1,
        null,
        1,
        15,
        null,
        null,
        1,
        15,
        null,
        null,
        1,
        45,
        null,
        null
      ],
      "/home/ig/Code/mp/app/controllers/client/registrations_controller.rb": [
        null,
        null,
        1,
        1,
        1,
        null,
        null,
        null,
        null,
        null,
        null,
        null,
        1,
        12,
        null,
        12,
        12,
        12,
        null,
        null,
        null,
        null,
        null,
        null,
        null,
        null,
        null,
        null,
        null,
        null,
        null,
        null,
        null,
        null,
        null,
        null,
        null,
        null,
        null,
        null,
        null,
        null,
        null,
        null,
        null,
        null,
        null,
        null,
        1,
        12,
        null,
        null,
        null,
        1,
        0,
        null,
        null,
        null,
        null,
        null,
        null,
        null,
        null,
        null,
        null,
        null,
        null
      ],
      "/home/ig/Code/mp/app/controllers/dashboard_clients_controller.rb": [
        1,
        1,
        1,
        1,
        null,
        1,
        17,
        17,
        null,
        null,
        1,
        null,
        1,
        17,
        0,
        null,
        null,
        null,
        1,
        17,
        null,
        null
      ],
      "/home/ig/Code/mp/app/controllers/clients_controller.rb": [
        1,
        1,
        1,
        null,
        1,
        null,
        null,
        1,
        1,
        1,
        2,
        1,
        null,
        0,
        0,
        null,
        null,
        null,
        null,
        1,
        null,
        null,
        1,
        null,
        1,
        1,
        null,
        null,
        1,
        1,
        null,
        null,
        null
      ],
      "/home/ig/Code/mp/app/controllers/client/sessions_controller.rb": [
        null,
        null,
        1,
        null,
        null,
        null,
        null,
        null,
        null,
        null,
        null,
        1,
        9,
        null,
        8,
        8,
        8,
        null,
        null,
        null,
        null,
        1,
        5,
        5,
        5,
        null,
        null,
        null,
        null,
        null,
        null,
        null,
        null,
        null,
        null
      ],
      "/home/ig/Code/mp/app/controllers/locations_controller.rb": [
        1,
        1,
        1,
        null,
        null,
        1,
        4,
        null,
        4,
        4,
        1,
        1,
        null,
        1,
        null,
        6,
        3,
        null,
        null,
        null,
        null,
        1,
        1,
        1,
        0,
        0,
        null,
        2,
        1,
        null,
        null,
        null,
        null,
        1,
        0,
        0,
        0,
        0,
        null,
        null,
        null,
        1,
        null,
        1,
        1,
        null,
        null,
        1,
        20,
        null,
        null,
        1,
        5,
        0,
        5,
        0,
        0,
        null,
        null,
        null,
        1,
        5,
        null,
        null,
        null
      ],
      "/home/ig/Code/mp/app/channels/application_cable/connection.rb": [
        0,
        0,
        0,
        0
      ],
      "/home/ig/Code/mp/app/channels/application_cable/channel.rb": [
        0,
        0,
        0,
        0
      ],
      "/home/ig/Code/mp/app/controllers/baskets_controller.rb": [
        0,
        null,
        0,
        null,
        null,
        null,
        null,
        null,
        0,
        null,
        0,
        0,
        0,
        0,
        0,
        0,
        0,
        null,
        0,
        0,
        0,
        0
      ],
      "/home/ig/Code/mp/app/controllers/client/confirmations_controller.rb": [
        null,
        null,
        0,
        null,
        null,
        null,
        null,
        null,
        null,
        null,
        null,
        null,
        null,
        null,
        null,
        null,
        null,
        null,
        null,
        null,
        null,
        null,
        null,
        null,
        null,
        null,
        null,
        null,
        null,
        0
      ],
      "/home/ig/Code/mp/app/controllers/client/passwords_controller.rb": [
        null,
        null,
        0,
        null,
        null,
        null,
        null,
        null,
        null,
        null,
        null,
        null,
        null,
        null,
        null,
        null,
        null,
        null,
        null,
        null,
        null,
        null,
        null,
        null,
        null,
        null,
        null,
        null,
        null,
        null,
        null,
        null,
        null,
        0
      ],
      "/home/ig/Code/mp/app/controllers/client/unlocks_controller.rb": [
        null,
        null,
        0,
        null,
        null,
        null,
        null,
        null,
        null,
        null,
        null,
        null,
        null,
        null,
        null,
        null,
        null,
        null,
        null,
        null,
        null,
        null,
        null,
        null,
        null,
        null,
        null,
        null,
        null,
        0
      ],
      "/home/ig/Code/mp/app/controllers/client/omniauth_callbacks_controller.rb": [
        null,
        null,
        0,
        null,
        null,
        null,
        null,
        null,
        null,
        null,
        null,
        null,
        null,
        null,
        null,
        null,
        null,
        null,
        null,
        null,
        null,
        null,
        null,
        null,
        null,
        null,
        null,
        null,
        null,
        0
      ],
      "/home/ig/Code/mp/app/controllers/seller/confirmations_controller.rb": [
        null,
        null,
        0,
        null,
        null,
        null,
        null,
        null,
        null,
        null,
        null,
        null,
        null,
        null,
        null,
        null,
        null,
        null,
        null,
        null,
        null,
        null,
        null,
        null,
        null,
        null,
        null,
        null,
        null,
        0
      ],
      "/home/ig/Code/mp/app/controllers/seller/passwords_controller.rb": [
        null,
        null,
        0,
        null,
        null,
        null,
        null,
        null,
        null,
        null,
        null,
        null,
        null,
        null,
        null,
        null,
        null,
        null,
        null,
        null,
        null,
        null,
        null,
        null,
        null,
        null,
        null,
        null,
        null,
        null,
        null,
        null,
        null,
        0
      ],
      "/home/ig/Code/mp/app/controllers/seller/unlocks_controller.rb": [
        null,
        null,
        0,
        null,
        null,
        null,
        null,
        null,
        null,
        null,
        null,
        null,
        null,
        null,
        null,
        null,
        null,
        null,
        null,
        null,
        null,
        null,
        null,
        null,
        null,
        null,
        null,
        null,
        null,
        0
      ],
      "/home/ig/Code/mp/app/controllers/seller/omniauth_callbacks_controller.rb": [
        null,
        null,
        0,
        null,
        null,
        null,
        null,
        null,
        null,
        null,
        null,
        null,
        null,
        null,
        null,
        null,
        null,
        null,
        null,
        null,
        null,
        null,
        null,
        null,
        null,
        null,
        null,
        null,
        null,
        0
      ],
      "/home/ig/Code/mp/app/controllers/seller/registrations_controller.rb": [
        null,
        null,
        0,
        null,
        0,
        0,
        null,
        null,
        0,
        0,
        0,
        0,
        0,
        0,
        0,
        null,
        null,
        null,
        null,
        null,
        null,
        null,
        null,
        null,
        null,
        null,
        null,
        null,
        null,
        null,
        null,
        null,
        null,
        null,
        null,
        null,
        null,
        null,
        null,
        null,
        null,
        null,
        null,
        null,
        null,
        null,
        null,
        null,
        0,
        0,
        0,
        null,
        null,
        0,
        0,
        0,
        null,
        null,
        null,
        null,
        null,
        null,
        null,
        null,
        null,
        null,
        0
      ],
      "/home/ig/Code/mp/app/jobs/application_job.rb": [
        0,
        0
      ],
      "/home/ig/Code/mp/app/mailers/application_mailer.rb": [
        0,
        0,
        0,
        0
      ]
    },
    "timestamp": 1571837007
  }
}
